Gecko.Droid.Common.Views.AbstractActivity:onCreateOptionsMenu
Gecko.Droid.Common.Views.AbstractListActivity:onCreateOptionsMenu
a2dp.Vol.PackagesChooser:onCreateOptionsMenu
a2dp.Vol.main:onCreateOptionsMenu
android.support.v4.app.Fragment:onCreateContextMenu
android.support.v4.app.Fragment:onCreateOptionsMenu
cc.primevision.andosc.Main:onCreateOptionsMenu
com.a4droid.sql_reference.activities.FeedbackActivity:onCreateOptionsMenu
com.a4droid.sql_reference.activities.ListActivity:onCreateOptionsMenu
com.a4droid.sql_reference.activities.MainActivity:onCreateOptionsMenu
com.a4droid.sql_reference.activities.QueriesHistoryActivity:onCreateContextMenu
com.a4droid.sql_reference.activities.QueriesHistoryActivity:onCreateOptionsMenu
com.a4droid.sql_reference.activities.SearchResultsActivity:onCreateOptionsMenu
com.a4droid.sql_reference.activities.TrainingActivity:onCreateOptionsMenu
com.a4droid.sql_reference.activities.ViewPageActivity:onCreateOptionsMenu
com.ajas.CoinFlipFullFree.TouchRotateActivity:onCreateOptionsMenu
com.bleyl.recurrence.activities.CreateEditActivity:onCreateOptionsMenu
com.bleyl.recurrence.activities.MainActivity:onCreateOptionsMenu
com.bleyl.recurrence.activities.ViewActivity:onCreateOptionsMenu
com.cc.ContactListActivity:onCreateContextMenu
com.cc.ContactListActivity:onCreateOptionsMenu
com.cc.FriendListActivity:onCreateContextMenu
com.cc.FriendListActivity:onCreateOptionsMenu
com.cc.HMDListActivity:onCreateContextMenu
com.cc.HMDListActivity:onCreateOptionsMenu
com.cc.MainActivity:onCreateOptionsMenu
com.cc.MyPictureActivity:onCreateContextMenu
com.cc.PictureListActivity:onCreateContextMenu
com.cc.PictureListActivity:onCreateOptionsMenu
com.cc.RingListActivity:onCreateContextMenu
com.cc.RingListActivity:onCreateOptionsMenu
com.cc.TaskListActivity:onCreateContextMenu
com.cg.stickynote.MainActivity:onCreateOptionsMenu
com.chartcross.gpstest.GPSTest:onCreateOptionsMenu
com.diotasoft.spark.SettingsActivity:onCreateOptionsMenu
com.diotasoft.spark.spark:onCreateOptionsMenu
com.diotasoft.spark.sparkhide:onCreateOptionsMenu
com.galaxyodyssey.pushgenius.GameScreen:onCreateOptionsMenu
com.hanoi.hanoi:onCreateOptionsMenu
com.homesdk.moreapp.MoreAppScreen:onCreateOptionsMenu
com.jbtapps.SexPeriodCalendar.SexCal:onCreateOptionsMenu
com.kineticfoundry.ripple0beta.Welcome:onCreateOptionsMenu
com.klye.ime.latin.M:onCreateOptionsMenu
com.kth.PuddingCamera.Setting.SettingActivity:onCreateContextMenu
com.laan.hacky.HackySack:onCreateOptionsMenu
com.mobclix.android.sdk.MobclixBrowserActivity:onCreateOptionsMenu
com.naccvp.CVP:onCreateOptionsMenu
com.naccvp.DetailView:onCreateOptionsMenu
com.naman14.stools.MainActivity:onCreateOptionsMenu
com.naman14.stools.fragments.ColorPickerFragment:onCreateOptionsMenu
com.naman14.stools.fragments.CpuFragment:onCreateOptionsMenu
com.nixon.eval.Eval:onCreateContextMenu
com.nixon.eval.Eval:onCreateOptionsMenu
com.nixon.eval.a:onCreateContextMenu
com.nixon.eval.c:onCreateContextMenu
com.nubee.candycandie.game.GameActivity:onCreateOptionsMenu
com.olsoft.sa.alt.BaseActivity:onCreateOptionsMenu
com.olsoft.sa.alt.OperatorsActivity:onCreateOptionsMenu
com.pandapow.vpn.PandaPow:onCreateOptionsMenu
com.phellax.drum.Main:onCreateContextMenu
com.phellax.drum.Main:onCreateOptionsMenu
com.pilot51.coinfliplib.Main:onCreateOptionsMenu
com.schimera.webdavnavlite.Activities.RemoteBrowser:onCreateContextMenu
com.schimera.webdavnavlite.WebDAVNav:onCreateContextMenu
com.schimera.webdavnavlite.WebDAVNav:onCreateOptionsMenu
com.secuso.torchlight2.MainActivity:onCreateOptionsMenu
com.tof.myquran.BacaQuranActivity:onCreateOptionsMenu
com.twobitinc.cornholescore.ScoreActivity:onCreateOptionsMenu
com.unicornrobot.instantzing.InstantZing:onCreateOptionsMenu
com.vandaveer.absoluterecall.AbsoluteRecall:onCreateOptionsMenu
com.youthhr.phonto.PhontoActivity:onCreateOptionsMenu
com.youthhr.phonto.image.ImageActivity:onCreateOptionsMenu
com.zlango.mms.app.ComposeMessageActivity:onCreateContextMenu
com.zlango.mms.app.ConversationList:onCreateContextMenu
com.zlango.mms.preference.MessagingPreferenceActivity:onCreateOptionsMenu
com.zlango.mms.widget.RecipientsEditor:onCreateContextMenu
com.zlango.mms.widget.editor.IconMessageEditor:onCreateContextMenu
com.zlango.zms.app.SplashScreen:onCreateOptionsMenu
de.thedelmann.wol.WOLdroid:onCreateOptionsMenu
de.ub0r.android.smsdroid.ConversationList:onCreateOptionsMenu
de.ub0r.android.smsdroid.MessageList:onCreateOptionsMenu
flashlight.led.clock.Flashlight:onCreateOptionsMenu
friend.secretary.main:onCreateOptionsMenu
it.mm.android.illusions.DetailIllusionsActivity:onCreateOptionsMenu
it.mm.android.illusions.ListIllusionsActivity:onCreateOptionsMenu
it.mm.android.illusions.MainActivity:onCreateOptionsMenu
mobi.infolife.installer.InstallerActivity:onCreateOptionsMenu
net.mandaria.tippytipper.activities.SplitBill:onCreateOptionsMenu
net.mandaria.tippytipper.activities.TippyTipper:onCreateOptionsMenu
net.mandaria.tippytipper.activities.Total:onCreateOptionsMenu
nz.gen.geek_central.ti5x.Main:onCreateContextMenu
nz.gen.geek_central.ti5x.Main:onCreateOptionsMenu
org.legtux.m_316k.fortune.MainActivity:onCreateOptionsMenu
org.muth.android.trainer_demo_es.ActivityBrowse:onCreateContextMenu
org.muth.android.trainer_demo_es.ActivityBrowse:onCreateOptionsMenu
org.muth.android.trainer_demo_es.ActivityEdit:onCreateOptionsMenu
org.muth.android.trainer_demo_es.ActivityHtml:onCreateOptionsMenu
org.muth.android.trainer_demo_es.ActivitySelector:onCreateOptionsMenu
org.muth.android.trainer_demo_es.ActivityTrainer:onCreateOptionsMenu
org.muth.android.trainer_demo_es.ActivityView:onCreateOptionsMenu
org.tyszecki.rozkladpkp.ConnectionDetailsActivity:onCreateOptionsMenu
org.tyszecki.rozkladpkp.ConnectionListActivity:onCreateOptionsMenu
org.tyszecki.rozkladpkp.ConnectionsFormActivity:onCreateOptionsMenu
org.tyszecki.rozkladpkp.RememberedActivity:onCreateContextMenu
org.tyszecki.rozkladpkp.RememberedActivity:onCreateOptionsMenu
org.tyszecki.rozkladpkp.TimetableActivity:onCreateOptionsMenu
org.tyszecki.rozkladpkp.TimetableFormActivity:onCreateOptionsMenu
vsin.activity.A_ChoosePhoto$4:onCreateContextMenu
vsin.activity.A_ResultScreen:onCreateOptionsMenu
vsin.utils.activity.MyActivityWithMainMenu:onCreateOptionsMenu
yuku.perekammp3.RekamActivity:onCreateOptionsMenu
za.co.lukestonehm.logicaldefence.MainActivity:onCreateOptionsMenu
